<?xml version="1.0" encoding="UTF-8"?>
<testsuites name="jest tests" tests="13" failures="0" errors="0" time="24.395">
  <testsuite name="API Integration Tests" errors="0" failures="0" skipped="0" timestamp="2025-09-16T01:25:25" time="24.317" tests="13">
    <testcase classname="API Integration Tests Health Check should return healthy status" name="API Integration Tests Health Check should return healthy status" time="0.034">
    </testcase>
    <testcase classname="API Integration Tests Scan Management should create a new scan" name="API Integration Tests Scan Management should create a new scan" time="0.019">
    </testcase>
    <testcase classname="API Integration Tests Scan Management should reject scan without URL" name="API Integration Tests Scan Management should reject scan without URL" time="0.004">
    </testcase>
    <testcase classname="API Integration Tests Scan Management should retrieve scan results" name="API Integration Tests Scan Management should retrieve scan results" time="0.004">
    </testcase>
    <testcase classname="API Integration Tests Scan Management should list all scans" name="API Integration Tests Scan Management should list all scans" time="0.003">
    </testcase>
    <testcase classname="API Integration Tests Error Handling should handle invalid endpoints" name="API Integration Tests Error Handling should handle invalid endpoints" time="0.003">
    </testcase>
    <testcase classname="API Integration Tests Error Handling should handle malformed JSON" name="API Integration Tests Error Handling should handle malformed JSON" time="0.006">
    </testcase>
    <testcase classname="CLI Integration Tests should show help when no arguments provided" name="CLI Integration Tests should show help when no arguments provided" time="0.91">
    </testcase>
    <testcase classname="CLI Integration Tests should show version information" name="CLI Integration Tests should show version information" time="0.952">
    </testcase>
    <testcase classname="CLI Integration Tests should list available scanners" name="CLI Integration Tests should list available scanners" time="0.849">
    </testcase>
    <testcase classname="CLI Integration Tests should validate URL format" name="CLI Integration Tests should validate URL format" time="0.911">
    </testcase>
    <testcase classname="CLI Integration Tests should perform basic scan" name="CLI Integration Tests should perform basic scan" time="8.486">
    </testcase>
    <testcase classname="CLI Integration Tests should save output to file" name="CLI Integration Tests should save output to file" time="11.427">
    </testcase>
  </testsuite>
</testsuites>